\BOOKMARK [0][-]{chapter.1}{License}{}% 1
\BOOKMARK [0][-]{chapter.2}{Requirements}{}% 2
\BOOKMARK [1][-]{section.2.1}{Interface}{chapter.2}% 3
\BOOKMARK [2][-]{subsection.2.1.1}{Fully accessible}{section.2.1}% 4
\BOOKMARK [2][-]{subsection.2.1.2}{Fully internationalized}{section.2.1}% 5
\BOOKMARK [2][-]{subsection.2.1.3}{System reacts in less than one second}{section.2.1}% 6
\BOOKMARK [2][-]{subsection.2.1.4}{Mobile support}{section.2.1}% 7
\BOOKMARK [2][-]{subsection.2.1.5}{No Java or Flash}{section.2.1}% 8
\BOOKMARK [2][-]{subsection.2.1.6}{Cross-browser compatibility}{section.2.1}% 9
\BOOKMARK [2][-]{subsection.2.1.7}{No complete screen rebuilds}{section.2.1}% 10
\BOOKMARK [2][-]{subsection.2.1.8}{Easy things easy, hard things possible}{section.2.1}% 11
\BOOKMARK [2][-]{subsection.2.1.9}{Preventing users from shooting themselves into the foot}{section.2.1}% 12
\BOOKMARK [1][-]{section.2.2}{Assets}{chapter.2}% 13
\BOOKMARK [2][-]{subsection.2.2.1}{Backward compatibility}{section.2.2}% 14
\BOOKMARK [2][-]{subsection.2.2.2}{Printability}{section.2.2}% 15
\BOOKMARK [1][-]{section.2.3}{Data}{chapter.2}% 16
\BOOKMARK [2][-]{subsection.2.3.1}{All changes take effect after at most 10 minutes}{section.2.3}% 17
\BOOKMARK [2][-]{subsection.2.3.2}{Separation}{section.2.3}% 18
\BOOKMARK [2][-]{subsection.2.3.3}{Times}{section.2.3}% 19
\BOOKMARK [1][-]{section.2.4}{Network functionality}{chapter.2}% 20
\BOOKMARK [2][-]{subsection.2.4.1}{SSL}{section.2.4}% 21
\BOOKMARK [2][-]{subsection.2.4.2}{Predictable storage}{section.2.4}% 22
\BOOKMARK [2][-]{subsection.2.4.3}{Authentication}{section.2.4}% 23
\BOOKMARK [2][-]{subsection.2.4.4}{Authorization}{section.2.4}% 24
\BOOKMARK [2][-]{subsection.2.4.5}{Run everywhere}{section.2.4}% 25
\BOOKMARK [2][-]{subsection.2.4.6}{Servers}{section.2.4}% 26
\BOOKMARK [1][-]{section.2.5}{Coding environment}{chapter.2}% 27
\BOOKMARK [2][-]{subsection.2.5.1}{Linux Distributions}{section.2.5}% 28
\BOOKMARK [2][-]{subsection.2.5.2}{Open source}{section.2.5}% 29
\BOOKMARK [2][-]{subsection.2.5.3}{Porting from LON-CAPA 2.x}{section.2.5}% 30
\BOOKMARK [1][-]{section.2.6}{Scalability testing}{chapter.2}% 31
\BOOKMARK [0][-]{chapter.3}{Installation}{}% 32
\BOOKMARK [1][-]{section.3.1}{Linux}{chapter.3}% 33
\BOOKMARK [1][-]{section.3.2}{Certificate IP/DNS considerations}{chapter.3}% 34
\BOOKMARK [1][-]{section.3.3}{Updating}{chapter.3}% 35
\BOOKMARK [1][-]{section.3.4}{Disable SELinux}{chapter.3}% 36
\BOOKMARK [1][-]{section.3.5}{Downloading}{chapter.3}% 37
\BOOKMARK [1][-]{section.3.6}{Install LON-CAPA}{chapter.3}% 38
\BOOKMARK [1][-]{section.3.7}{If things don't work}{chapter.3}% 39
\BOOKMARK [0][-]{chapter.4}{URL Translation}{}% 40
\BOOKMARK [1][-]{section.4.1}{Accessing handlers}{chapter.4}% 41
\BOOKMARK [1][-]{section.4.2}{Accessing assets}{chapter.4}% 42
\BOOKMARK [1][-]{section.4.3}{System Pages}{chapter.4}% 43
\BOOKMARK [1][-]{section.4.4}{Deep Links}{chapter.4}% 44
\BOOKMARK [0][-]{chapter.5}{Network}{}% 45
\BOOKMARK [1][-]{section.5.1}{Overview}{chapter.5}% 46
\BOOKMARK [1][-]{section.5.2}{Nodes}{chapter.5}% 47
\BOOKMARK [1][-]{section.5.3}{Cluster Table}{chapter.5}% 48
\BOOKMARK [2][-]{subsection.5.3.1}{Configuration}{section.5.3}% 49
\BOOKMARK [2][-]{subsection.5.3.2}{Homeservers}{section.5.3}% 50
\BOOKMARK [2][-]{subsection.5.3.3}{Cluster manager}{section.5.3}% 51
\BOOKMARK [1][-]{section.5.4}{Connections}{chapter.5}% 52
\BOOKMARK [2][-]{subsection.5.4.1}{Connection authentication}{section.5.4}% 53
\BOOKMARK [2][-]{subsection.5.4.2}{Connection handling}{section.5.4}% 54
\BOOKMARK [2][-]{subsection.5.4.3}{Local versus remote}{section.5.4}% 55
\BOOKMARK [1][-]{section.5.5}{Replication}{chapter.5}% 56
\BOOKMARK [0][-]{chapter.6}{Entities}{}% 57
\BOOKMARK [1][-]{section.6.1}{Identification}{chapter.6}% 58
\BOOKMARK [1][-]{section.6.2}{Storage and Interface}{chapter.6}% 59
\BOOKMARK [1][-]{section.6.3}{Users}{chapter.6}% 60
\BOOKMARK [1][-]{section.6.4}{Courses}{chapter.6}% 61
\BOOKMARK [1][-]{section.6.5}{Assets}{chapter.6}% 62
\BOOKMARK [2][-]{subsection.6.5.1}{URLs}{section.6.5}% 63
\BOOKMARK [2][-]{subsection.6.5.2}{Profiles and metadata}{section.6.5}% 64
\BOOKMARK [2][-]{subsection.6.5.3}{Storage}{section.6.5}% 65
\BOOKMARK [2][-]{subsection.6.5.4}{Publication and Versioning}{section.6.5}% 66
\BOOKMARK [0][-]{chapter.7}{Authorization}{}% 67
\BOOKMARK [1][-]{section.7.1}{Roles}{chapter.7}% 68
\BOOKMARK [2][-]{subsection.7.1.1}{Role definition}{section.7.1}% 69
\BOOKMARK [2][-]{subsection.7.1.2}{Role storage}{section.7.1}% 70
\BOOKMARK [0][-]{chapter.8}{Storage}{}% 71
\BOOKMARK [1][-]{section.8.1}{Databases}{chapter.8}% 72
\BOOKMARK [2][-]{subsection.8.1.1}{PostgreSQL tables}{section.8.1}% 73
\BOOKMARK [1][-]{section.8.2}{Caching}{chapter.8}% 74
\BOOKMARK [1][-]{section.8.3}{File system}{chapter.8}% 75
\BOOKMARK [2][-]{subsection.8.3.1}{Assets}{section.8.3}% 76
\BOOKMARK [2][-]{subsection.8.3.2}{Tables of Content}{section.8.3}% 77
\BOOKMARK [1][-]{section.8.4}{Programmatic access}{chapter.8}% 78
\BOOKMARK [1][-]{section.8.5}{Tokens}{chapter.8}% 79
\BOOKMARK [1][-]{section.8.6}{Namespaces}{chapter.8}% 80
\BOOKMARK [0][-]{chapter.9}{Interface Programming}{}% 81
\BOOKMARK [1][-]{section.9.1}{Interface Pages}{chapter.9}% 82
\BOOKMARK [2][-]{subsection.9.1.1}{General Mechanism}{section.9.1}% 83
\BOOKMARK [2][-]{subsection.9.1.2}{Examples}{section.9.1}% 84
\BOOKMARK [2][-]{subsection.9.1.3}{Where should I be working?}{section.9.1}% 85
\BOOKMARK [0][-]{chapter.10}{XML}{}% 86
\BOOKMARK [1][-]{section.10.1}{Structure of Documents}{chapter.10}% 87
\BOOKMARK [2][-]{subsection.10.1.1}{Classic LON-CAPA Content}{section.10.1}% 88
\BOOKMARK [2][-]{subsection.10.1.2}{Overview of differences to classic LON-CAPA}{section.10.1}% 89
\BOOKMARK [1][-]{section.10.2}{Editing}{chapter.10}% 90
\BOOKMARK [2][-]{subsection.10.2.1}{Main editors}{section.10.2}% 91
\BOOKMARK [2][-]{subsection.10.2.2}{Emergency editor}{section.10.2}% 92
\BOOKMARK [0][-]{chapter.11}{XML Parser}{}% 93
\BOOKMARK [1][-]{section.11.1}{Invocation}{chapter.11}% 94
\BOOKMARK [1][-]{section.11.2}{Tag types}{chapter.11}% 95
\BOOKMARK [1][-]{section.11.3}{Stacks and safeeval}{chapter.11}% 96
\BOOKMARK [0][-]{chapter.12}{Internationalization}{}% 97
\BOOKMARK [1][-]{section.12.1}{Encoding}{chapter.12}% 98
\BOOKMARK [1][-]{section.12.2}{Maketext}{chapter.12}% 99
\BOOKMARK [1][-]{section.12.3}{Invocation in documents}{chapter.12}% 100
\BOOKMARK [1][-]{section.12.4}{Invocation from Perl}{chapter.12}% 101
\BOOKMARK [1][-]{section.12.5}{Internal codes}{chapter.12}% 102
\BOOKMARK [1][-]{section.12.6}{Special cases}{chapter.12}% 103
\BOOKMARK [2][-]{subsection.12.6.1}{JavaScript configuration files}{section.12.6}% 104
\BOOKMARK [2][-]{subsection.12.6.2}{Loading locatilization files}{section.12.6}% 105
\BOOKMARK [0][-]{chapter.13}{Math editor, parser and equation syntax}{}% 106
\BOOKMARK [1][-]{section.13.1}{Introduction}{chapter.13}% 107
\BOOKMARK [1][-]{section.13.2}{A new user interface}{chapter.13}% 108
\BOOKMARK [2][-]{subsection.13.2.1}{Usage}{section.13.2}% 109
\BOOKMARK [1][-]{section.13.3}{The server-side parser}{chapter.13}% 110
\BOOKMARK [2][-]{subsection.13.3.1}{Usage}{section.13.3}% 111
\BOOKMARK [2][-]{subsection.13.3.2}{Calculation environment}{section.13.3}% 112
\BOOKMARK [2][-]{subsection.13.3.3}{Conversion to Maxima syntax}{section.13.3}% 113
\BOOKMARK [2][-]{subsection.13.3.4}{Catching errors}{section.13.3}% 114
\BOOKMARK [2][-]{subsection.13.3.5}{Example with unit node}{section.13.3}% 115
\BOOKMARK [2][-]{subsection.13.3.6}{Example with symbolic node}{section.13.3}% 116
\BOOKMARK [1][-]{section.13.4}{Equation syntax}{chapter.13}% 117
\BOOKMARK [2][-]{subsection.13.4.1}{Spaces}{section.13.4}% 118
\BOOKMARK [2][-]{subsection.13.4.2}{Decimal separators and function parameter separators}{section.13.4}% 119
\BOOKMARK [2][-]{subsection.13.4.3}{Constants}{section.13.4}% 120
\BOOKMARK [2][-]{subsection.13.4.4}{Units}{section.13.4}% 121
\BOOKMARK [2][-]{subsection.13.4.5}{Parenthesis}{section.13.4}% 122
\BOOKMARK [2][-]{subsection.13.4.6}{Complex numbers}{section.13.4}% 123
\BOOKMARK [2][-]{subsection.13.4.7}{Operators}{section.13.4}% 124
\BOOKMARK [2][-]{subsection.13.4.8}{Implicit operators}{section.13.4}% 125
\BOOKMARK [2][-]{subsection.13.4.9}{Vectors and matrices}{section.13.4}% 126
\BOOKMARK [2][-]{subsection.13.4.10}{Functions}{section.13.4}% 127
\BOOKMARK [0][-]{chapter.14}{Graphical editor}{}% 128
\BOOKMARK [1][-]{section.14.1}{Introduction}{chapter.14}% 129
\BOOKMARK [1][-]{section.14.2}{Choice of tools}{chapter.14}% 130
\BOOKMARK [1][-]{section.14.3}{Development}{chapter.14}% 131
\BOOKMARK [2][-]{subsection.14.3.1}{Tasks}{section.14.3}% 132
\BOOKMARK [2][-]{subsection.14.3.2}{Git paths}{section.14.3}% 133
\BOOKMARK [2][-]{subsection.14.3.3}{Edition and launch in Dart Editor}{section.14.3}% 134
\BOOKMARK [0][-]{chapter.15}{Glossary}{}% 135
